QtNotifier/android/.build/outputs/logs/manifest-merger-debug-report.txt
-- Merging decision tree log ---
manifest
ADDED from QtNotifier/android/AndroidManifest.xml:2:1-63:12
INJECTED from QtNotifier/android/AndroidManifest.xml:2:1-63:12
INJECTED from QtNotifier/android/AndroidManifest.xml:2:1-63:12
MERGED from [com.android.support:support-v4:28.0.0] AndroidManifest.xml:17:1-22:12
MERGED from [com.android.support:support-media-compat:28.0.0] AndroidManifest.xml:17:1-22:12
MERGED from [com.android.support:support-fragment:28.0.0] AndroidManifest.xml:17:1-22:12
MERGED from [com.android.support:support-core-ui:28.0.0] AndroidManifest.xml:17:1-22:12
MERGED from [com.android.support:support-core-utils:28.0.0] AndroidManifest.xml:17:1-22:12
MERGED from [com.android.support:loader:28.0.0] AndroidManifest.xml:17:1-22:12
MERGED from [com.android.support:viewpager:28.0.0] AndroidManifest.xml:17:1-22:12
MERGED from [com.android.support:coordinatorlayout:28.0.0] AndroidManifest.xml:17:1-22:12
MERGED from [com.android.support:drawerlayout:28.0.0] AndroidManifest.xml:17:1-22:12
MERGED from [com.android.support:slidingpanelayout:28.0.0] AndroidManifest.xml:17:1-22:12
MERGED from [com.android.support:customview:28.0.0] AndroidManifest.xml:17:1-22:12
MERGED from [com.android.support:swiperefreshlayout:28.0.0] AndroidManifest.xml:17:1-22:12
MERGED from [com.android.support:asynclayoutinflater:28.0.0] AndroidManifest.xml:17:1-22:12
MERGED from [com.android.support:support-compat:28.0.0] AndroidManifest.xml:17:1-24:12
MERGED from [com.android.support:versionedparcelable:28.0.0] AndroidManifest.xml:17:1-25:12
MERGED from [android.arch.lifecycle:runtime:1.1.1] AndroidManifest.xml:17:1-22:12
MERGED from [com.android.support:documentfile:28.0.0] AndroidManifest.xml:17:1-22:12
MERGED from [com.android.support:localbroadcastmanager:28.0.0] AndroidManifest.xml:17:1-22:12
MERGED from [com.android.support:print:28.0.0] AndroidManifest.xml:17:1-22:12
MERGED from [com.android.support:interpolator:28.0.0] AndroidManifest.xml:17:1-22:12
MERGED from [com.android.support:cursoradapter:28.0.0] AndroidManifest.xml:17:1-22:12
MERGED from [android.arch.lifecycle:viewmodel:1.1.1] AndroidManifest.xml:17:1-22:12
MERGED from [android.arch.lifecycle:livedata:1.1.1] AndroidManifest.xml:17:1-22:12
MERGED from [android.arch.lifecycle:livedata-core:1.1.1] AndroidManifest.xml:17:1-22:12
MERGED from [android.arch.core:runtime:1.1.1] AndroidManifest.xml:17:1-22:12
INJECTED from QtNotifier/android/AndroidManifest.xml:2:1-63:12
INJECTED from QtNotifier/android/AndroidManifest.xml:2:1-63:12
	package
		ADDED from QtNotifier/android/AndroidManifest.xml:2:11-42
	android:versionName
		ADDED from QtNotifier/android/AndroidManifest.xml:2:102-127
		INJECTED from QtNotifier/android/AndroidManifest.xml
		INJECTED from QtNotifier/android/AndroidManifest.xml
	xmlns:android
		ADDED from QtNotifier/android/AndroidManifest.xml:2:43-101
	android:versionCode
		ADDED from QtNotifier/android/AndroidManifest.xml:2:128-151
		INJECTED from QtNotifier/android/AndroidManifest.xml
		INJECTED from QtNotifier/android/AndroidManifest.xml
	android:installLocation
		ADDED from QtNotifier/android/AndroidManifest.xml:2:152-182
application
ADDED from QtNotifier/android/AndroidManifest.xml:3:5-51:19
MERGED from [com.android.support:support-compat:28.0.0] AndroidManifest.xml:22:5-94
MERGED from [com.android.support:support-compat:28.0.0] AndroidManifest.xml:22:5-94
MERGED from [com.android.support:versionedparcelable:28.0.0] AndroidManifest.xml:22:5-23:19
MERGED from [com.android.support:versionedparcelable:28.0.0] AndroidManifest.xml:22:5-23:19
	android:appComponentFactory
		ADDED from [com.android.support:support-compat:28.0.0] AndroidManifest.xml:22:18-91
	android:label
		ADDED from QtNotifier/android/AndroidManifest.xml:3:117-158
	android:hardwareAccelerated
		ADDED from QtNotifier/android/AndroidManifest.xml:3:18-52
	android:name
		ADDED from QtNotifier/android/AndroidManifest.xml:3:53-116
activity#org.qtproject.qt5.android.bindings.QtActivity
ADDED from QtNotifier/android/AndroidManifest.xml:4:9-47:20
	android:screenOrientation
		ADDED from QtNotifier/android/AndroidManifest.xml:7:19-58
	android:label
		ADDED from QtNotifier/android/AndroidManifest.xml:6:19-60
	android:launchMode
		ADDED from QtNotifier/android/AndroidManifest.xml:8:19-49
	android:configChanges
		ADDED from QtNotifier/android/AndroidManifest.xml:4:19-172
	android:name
		ADDED from QtNotifier/android/AndroidManifest.xml:5:19-79
intent-filter#action:name:android.intent.action.MAIN+category:name:android.intent.category.LAUNCHER
ADDED from QtNotifier/android/AndroidManifest.xml:9:13-12:29
action#android.intent.action.MAIN
ADDED from QtNotifier/android/AndroidManifest.xml:10:17-68
	android:name
		ADDED from QtNotifier/android/AndroidManifest.xml:10:25-66
category#android.intent.category.LAUNCHER
ADDED from QtNotifier/android/AndroidManifest.xml:11:17-76
	android:name
		ADDED from QtNotifier/android/AndroidManifest.xml:11:27-74
meta-data#android.app.lib_name
ADDED from QtNotifier/android/AndroidManifest.xml:13:13-107
	android:value
		ADDED from QtNotifier/android/AndroidManifest.xml:13:60-105
	android:name
		ADDED from QtNotifier/android/AndroidManifest.xml:13:24-59
meta-data#android.app.qt_sources_resource_id
ADDED from QtNotifier/android/AndroidManifest.xml:14:13-112
	android:resource
		ADDED from QtNotifier/android/AndroidManifest.xml:14:74-110
	android:name
		ADDED from QtNotifier/android/AndroidManifest.xml:14:24-73
meta-data#android.app.repository
ADDED from QtNotifier/android/AndroidManifest.xml:15:13-87
	android:value
		ADDED from QtNotifier/android/AndroidManifest.xml:15:62-85
	android:name
		ADDED from QtNotifier/android/AndroidManifest.xml:15:24-61
meta-data#android.app.qt_libs_resource_id
ADDED from QtNotifier/android/AndroidManifest.xml:16:13-106
	android:resource
		ADDED from QtNotifier/android/AndroidManifest.xml:16:71-104
	android:name
		ADDED from QtNotifier/android/AndroidManifest.xml:16:24-70
meta-data#android.app.bundled_libs_resource_id
ADDED from QtNotifier/android/AndroidManifest.xml:17:13-116
	android:resource
		ADDED from QtNotifier/android/AndroidManifest.xml:17:76-114
	android:name
		ADDED from QtNotifier/android/AndroidManifest.xml:17:24-75
meta-data#android.app.bundle_local_qt_libs
ADDED from QtNotifier/android/AndroidManifest.xml:19:13-120
	android:value
		ADDED from QtNotifier/android/AndroidManifest.xml:19:72-118
	android:name
		ADDED from QtNotifier/android/AndroidManifest.xml:19:24-71
meta-data#android.app.bundled_in_lib_resource_id
ADDED from QtNotifier/android/AndroidManifest.xml:20:13-120
	android:resource
		ADDED from QtNotifier/android/AndroidManifest.xml:20:78-118
	android:name
		ADDED from QtNotifier/android/AndroidManifest.xml:20:24-77
meta-data#android.app.bundled_in_assets_resource_id
ADDED from QtNotifier/android/AndroidManifest.xml:21:13-126
	android:resource
		ADDED from QtNotifier/android/AndroidManifest.xml:21:81-124
	android:name
		ADDED from QtNotifier/android/AndroidManifest.xml:21:24-80
meta-data#android.app.use_local_qt_libs
ADDED from QtNotifier/android/AndroidManifest.xml:23:13-114
	android:value
		ADDED from QtNotifier/android/AndroidManifest.xml:23:69-112
	android:name
		ADDED from QtNotifier/android/AndroidManifest.xml:23:24-68
meta-data#android.app.libs_prefix
ADDED from QtNotifier/android/AndroidManifest.xml:24:13-100
	android:value
		ADDED from QtNotifier/android/AndroidManifest.xml:24:63-98
	android:name
		ADDED from QtNotifier/android/AndroidManifest.xml:24:24-62
meta-data#android.app.load_local_libs
ADDED from QtNotifier/android/AndroidManifest.xml:25:13-112
	android:value
		ADDED from QtNotifier/android/AndroidManifest.xml:25:67-110
	android:name
		ADDED from QtNotifier/android/AndroidManifest.xml:25:24-66
meta-data#android.app.load_local_jars
ADDED from QtNotifier/android/AndroidManifest.xml:26:13-112
	android:value
		ADDED from QtNotifier/android/AndroidManifest.xml:26:67-110
	android:name
		ADDED from QtNotifier/android/AndroidManifest.xml:26:24-66
meta-data#android.app.static_init_classes
ADDED from QtNotifier/android/AndroidManifest.xml:27:13-118
	android:value
		ADDED from QtNotifier/android/AndroidManifest.xml:27:71-116
	android:name
		ADDED from QtNotifier/android/AndroidManifest.xml:27:24-70
meta-data#android.app.ministro_not_found_msg
ADDED from QtNotifier/android/AndroidManifest.xml:29:13-122
	android:value
		ADDED from QtNotifier/android/AndroidManifest.xml:29:24-70
	android:name
		ADDED from QtNotifier/android/AndroidManifest.xml:29:71-120
meta-data#android.app.ministro_needed_msg
ADDED from QtNotifier/android/AndroidManifest.xml:30:13-116
	android:value
		ADDED from QtNotifier/android/AndroidManifest.xml:30:24-67
	android:name
		ADDED from QtNotifier/android/AndroidManifest.xml:30:68-114
meta-data#android.app.fatal_error_msg
ADDED from QtNotifier/android/AndroidManifest.xml:31:13-108
	android:value
		ADDED from QtNotifier/android/AndroidManifest.xml:31:24-63
	android:name
		ADDED from QtNotifier/android/AndroidManifest.xml:31:64-106
meta-data#android.app.background_running
ADDED from QtNotifier/android/AndroidManifest.xml:45:13-93
	android:value
		ADDED from QtNotifier/android/AndroidManifest.xml:45:70-91
	android:name
		ADDED from QtNotifier/android/AndroidManifest.xml:45:24-69
receiver#ru.notifications.javalib.NotificationReceiver
ADDED from QtNotifier/android/AndroidManifest.xml:49:9-82
	android:name
		ADDED from QtNotifier/android/AndroidManifest.xml:49:19-79
uses-sdk
ADDED from QtNotifier/android/AndroidManifest.xml:52:5-16
INJECTED from QtNotifier/android/AndroidManifest.xml:52:5-16
MERGED from [com.android.support:support-v4:28.0.0] AndroidManifest.xml:20:5-44
MERGED from [com.android.support:support-v4:28.0.0] AndroidManifest.xml:20:5-44
MERGED from [com.android.support:support-media-compat:28.0.0] AndroidManifest.xml:20:5-44
MERGED from [com.android.support:support-media-compat:28.0.0] AndroidManifest.xml:20:5-44
MERGED from [com.android.support:support-fragment:28.0.0] AndroidManifest.xml:20:5-44
MERGED from [com.android.support:support-fragment:28.0.0] AndroidManifest.xml:20:5-44
MERGED from [com.android.support:support-core-ui:28.0.0] AndroidManifest.xml:20:5-44
MERGED from [com.android.support:support-core-ui:28.0.0] AndroidManifest.xml:20:5-44
MERGED from [com.android.support:support-core-utils:28.0.0] AndroidManifest.xml:20:5-44
MERGED from [com.android.support:support-core-utils:28.0.0] AndroidManifest.xml:20:5-44
MERGED from [com.android.support:loader:28.0.0] AndroidManifest.xml:20:5-44
MERGED from [com.android.support:loader:28.0.0] AndroidManifest.xml:20:5-44
MERGED from [com.android.support:viewpager:28.0.0] AndroidManifest.xml:20:5-44
MERGED from [com.android.support:viewpager:28.0.0] AndroidManifest.xml:20:5-44
MERGED from [com.android.support:coordinatorlayout:28.0.0] AndroidManifest.xml:20:5-44
MERGED from [com.android.support:coordinatorlayout:28.0.0] AndroidManifest.xml:20:5-44
MERGED from [com.android.support:drawerlayout:28.0.0] AndroidManifest.xml:20:5-44
MERGED from [com.android.support:drawerlayout:28.0.0] AndroidManifest.xml:20:5-44
MERGED from [com.android.support:slidingpanelayout:28.0.0] AndroidManifest.xml:20:5-44
MERGED from [com.android.support:slidingpanelayout:28.0.0] AndroidManifest.xml:20:5-44
MERGED from [com.android.support:customview:28.0.0] AndroidManifest.xml:20:5-44
MERGED from [com.android.support:customview:28.0.0] AndroidManifest.xml:20:5-44
MERGED from [com.android.support:swiperefreshlayout:28.0.0] AndroidManifest.xml:20:5-44
MERGED from [com.android.support:swiperefreshlayout:28.0.0] AndroidManifest.xml:20:5-44
MERGED from [com.android.support:asynclayoutinflater:28.0.0] AndroidManifest.xml:20:5-44
MERGED from [com.android.support:asynclayoutinflater:28.0.0] AndroidManifest.xml:20:5-44
MERGED from [com.android.support:support-compat:28.0.0] AndroidManifest.xml:20:5-44
MERGED from [com.android.support:support-compat:28.0.0] AndroidManifest.xml:20:5-44
MERGED from [com.android.support:versionedparcelable:28.0.0] AndroidManifest.xml:20:5-44
MERGED from [com.android.support:versionedparcelable:28.0.0] AndroidManifest.xml:20:5-44
MERGED from [android.arch.lifecycle:runtime:1.1.1] AndroidManifest.xml:20:5-44
MERGED from [android.arch.lifecycle:runtime:1.1.1] AndroidManifest.xml:20:5-44
MERGED from [com.android.support:documentfile:28.0.0] AndroidManifest.xml:20:5-44
MERGED from [com.android.support:documentfile:28.0.0] AndroidManifest.xml:20:5-44
MERGED from [com.android.support:localbroadcastmanager:28.0.0] AndroidManifest.xml:20:5-44
MERGED from [com.android.support:localbroadcastmanager:28.0.0] AndroidManifest.xml:20:5-44
MERGED from [com.android.support:print:28.0.0] AndroidManifest.xml:20:5-44
MERGED from [com.android.support:print:28.0.0] AndroidManifest.xml:20:5-44
MERGED from [com.android.support:interpolator:28.0.0] AndroidManifest.xml:20:5-44
MERGED from [com.android.support:interpolator:28.0.0] AndroidManifest.xml:20:5-44
MERGED from [com.android.support:cursoradapter:28.0.0] AndroidManifest.xml:20:5-44
MERGED from [com.android.support:cursoradapter:28.0.0] AndroidManifest.xml:20:5-44
MERGED from [android.arch.lifecycle:viewmodel:1.1.1] AndroidManifest.xml:20:5-44
MERGED from [android.arch.lifecycle:viewmodel:1.1.1] AndroidManifest.xml:20:5-44
MERGED from [android.arch.lifecycle:livedata:1.1.1] AndroidManifest.xml:20:5-44
MERGED from [android.arch.lifecycle:livedata:1.1.1] AndroidManifest.xml:20:5-44
MERGED from [android.arch.lifecycle:livedata-core:1.1.1] AndroidManifest.xml:20:5-44
MERGED from [android.arch.lifecycle:livedata-core:1.1.1] AndroidManifest.xml:20:5-44
MERGED from [android.arch.core:runtime:1.1.1] AndroidManifest.xml:20:5-44
MERGED from [android.arch.core:runtime:1.1.1] AndroidManifest.xml:20:5-44
INJECTED from QtNotifier/android/AndroidManifest.xml:52:5-16
	android:minSdkVersion
		INJECTED from QtNotifier/android/AndroidManifest.xml
		ADDED from QtNotifier/android/AndroidManifest.xml:52:5-16
		INJECTED from QtNotifier/android/AndroidManifest.xml
supports-screens
ADDED from QtNotifier/android/AndroidManifest.xml:53:5-135
	android:largeScreens
		ADDED from QtNotifier/android/AndroidManifest.xml:53:23-50
	android:smallScreens
		ADDED from QtNotifier/android/AndroidManifest.xml:53:106-133
	android:normalScreens
		ADDED from QtNotifier/android/AndroidManifest.xml:53:51-79
	android:anyDensity
		ADDED from QtNotifier/android/AndroidManifest.xml:53:80-105